<?xml version="1.0" encoding="UTF-8"?>
<testng-results skipped="0" failed="0" ignored="0" total="1" passed="1">
  <reporter-output>
    <line>
      <![CDATA[browser launched]]>
    </line>
    <line>
      <![CDATA[browser maximized]]>
    </line>
    <line>
      <![CDATA[Application opened]]>
    </line>
    <line>
      <![CDATA[navigated to the Motorcycle Module]]>
    </line>
  </reporter-output>
  <suite name="Default suite" duration-ms="9711" started-at="2023-01-19T15:01:25 IST" finished-at="2023-01-19T15:01:35 IST">
    <groups>
    </groups>
    <test name="Default test" duration-ms="9711" started-at="2023-01-19T15:01:25 IST" finished-at="2023-01-19T15:01:35 IST">
      <class name="automationTesting.Tricentis_motorcycleinsurance_Entervehicledata_Make_005">
        <test-method status="PASS" signature="browserSetUp()[pri:0, instance:automationTesting.Tricentis_motorcycleinsurance_Entervehicledata_Make_005@23e028a9]" name="browserSetUp" is-config="true" duration-ms="8556" started-at="2023-01-19T15:01:25 IST" finished-at="2023-01-19T15:01:33 IST">
          <reporter-output>
            <line>
              <![CDATA[browser launched]]>
            </line>
            <line>
              <![CDATA[browser maximized]]>
            </line>
            <line>
              <![CDATA[Application opened]]>
            </line>
            <line>
              <![CDATA[navigated to the Motorcycle Module]]>
            </line>
          </reporter-output>
        </test-method> <!-- browserSetUp -->
        <test-method status="PASS" signature="make()[pri:0, instance:automationTesting.Tricentis_motorcycleinsurance_Entervehicledata_Make_005@23e028a9]" name="make" duration-ms="165" started-at="2023-01-19T15:01:33 IST" finished-at="2023-01-19T15:01:34 IST">
          <reporter-output>
          </reporter-output>
        </test-method> <!-- make -->
        <test-method status="PASS" signature="browserTearDown()[pri:0, instance:automationTesting.Tricentis_motorcycleinsurance_Entervehicledata_Make_005@23e028a9]" name="browserTearDown" is-config="true" duration-ms="932" started-at="2023-01-19T15:01:34 IST" finished-at="2023-01-19T15:01:35 IST">
          <reporter-output>
          </reporter-output>
        </test-method> <!-- browserTearDown -->
      </class> <!-- automationTesting.Tricentis_motorcycleinsurance_Entervehicledata_Make_005 -->
    </test> <!-- Default test -->
  </suite> <!-- Default suite -->
</testng-results>
