<?xml version="1.0" encoding="UTF-8"?>
<testng-results skipped="1" failed="0" ignored="0" total="1" passed="0">
  <reporter-output>
    <line>
      <![CDATA[Empty browser is launched]]>
    </line>
    <line>
      <![CDATA[Browser window is maximized]]>
    </line>
    <line>
      <![CDATA[Application Main page is displayed successfully]]>
    </line>
    <line>
      <![CDATA[Closed the browser session successfully]]>
    </line>
  </reporter-output>
  <suite name="Default suite" duration-ms="9444" started-at="2023-01-26T13:45:20 IST" finished-at="2023-01-26T13:45:29 IST">
    <groups>
    </groups>
    <test name="Default test" duration-ms="9444" started-at="2023-01-26T13:45:20 IST" finished-at="2023-01-26T13:45:29 IST">
      <class name="scripts.TC_Motorcycle_EnterVehicleData_003_Test">
        <test-method status="PASS" signature="browserSetUp(java.lang.String)[pri:0, instance:scripts.TC_Motorcycle_EnterVehicleData_003_Test@2a556333]" name="browserSetUp" is-config="true" duration-ms="8448" started-at="2023-01-26T13:45:20 IST" finished-at="2023-01-26T13:45:28 IST">
          <params>
            <param index="0">
              <value>
                <![CDATA[Chrome]]>
              </value>
            </param>
          </params>
          <reporter-output>
            <line>
              <![CDATA[Empty browser is launched]]>
            </line>
            <line>
              <![CDATA[Browser window is maximized]]>
            </line>
            <line>
              <![CDATA[Application Main page is displayed successfully]]>
            </line>
          </reporter-output>
        </test-method> <!-- browserSetUp -->
        <test-method status="SKIP" signature="cylinderCapacity([Ljava.lang.String;)[pri:0, instance:scripts.TC_Motorcycle_EnterVehicleData_003_Test@2a556333]" name="cylinderCapacity" duration-ms="0" started-at="2023-01-26T13:45:29 IST" data-provider="data" finished-at="2023-01-26T13:45:29 IST">
          <exception class="java.lang.RuntimeException">
            <message>
              <![CDATA[java.lang.NullPointerException]]>
            </message>
            <full-stacktrace>
              <![CDATA[java.lang.RuntimeException: java.lang.NullPointerException
at org.testng.internal.MethodInvocationHelper.invokeMethodNoCheckedException(MethodInvocationHelper.java:49)
at org.testng.internal.MethodInvocationHelper.invokeDataProvider(MethodInvocationHelper.java:145)
at org.testng.internal.Parameters.handleParameters(Parameters.java:797)
at org.testng.internal.Parameters.handleParameters(Parameters.java:740)
at org.testng.internal.ParameterHandler.handleParameters(ParameterHandler.java:59)
at org.testng.internal.ParameterHandler.createParameters(ParameterHandler.java:38)
at org.testng.internal.TestInvoker$MethodInvocationAgent.invoke(TestInvoker.java:789)
at org.testng.internal.TestInvoker.invokeTestMethods(TestInvoker.java:147)
at org.testng.internal.TestMethodWorker.invokeTestMethods(TestMethodWorker.java:146)
at org.testng.internal.TestMethodWorker.run(TestMethodWorker.java:128)
at java.util.ArrayList.forEach(ArrayList.java:1257)
at org.testng.TestRunner.privateRun(TestRunner.java:764)
at org.testng.TestRunner.run(TestRunner.java:585)
at org.testng.SuiteRunner.runTest(SuiteRunner.java:384)
at org.testng.SuiteRunner.runSequentially(SuiteRunner.java:378)
at org.testng.SuiteRunner.privateRun(SuiteRunner.java:337)
at org.testng.SuiteRunner.run(SuiteRunner.java:286)
at org.testng.SuiteRunnerWorker.runSuite(SuiteRunnerWorker.java:53)
at org.testng.SuiteRunnerWorker.run(SuiteRunnerWorker.java:96)
at org.testng.TestNG.runSuitesSequentially(TestNG.java:1218)
at org.testng.TestNG.runSuitesLocally(TestNG.java:1140)
at org.testng.TestNG.runSuites(TestNG.java:1069)
at org.testng.TestNG.run(TestNG.java:1037)
at org.testng.remote.AbstractRemoteTestNG.run(AbstractRemoteTestNG.java:115)
at org.testng.remote.RemoteTestNG.initAndRun(RemoteTestNG.java:251)
at org.testng.remote.RemoteTestNG.main(RemoteTestNG.java:77)
Caused by: java.lang.NullPointerException
at basePackage.ExcelReader.DataFromExcel(ExcelReader.java:191)
at scripts.TC_Motorcycle_EnterVehicleData_003_Test.data(TC_Motorcycle_EnterVehicleData_003_Test.java:19)
at sun.reflect.NativeMethodAccessorImpl.invoke0(Native Method)
at sun.reflect.NativeMethodAccessorImpl.invoke(NativeMethodAccessorImpl.java:62)
at sun.reflect.DelegatingMethodAccessorImpl.invoke(DelegatingMethodAccessorImpl.java:43)
at java.lang.reflect.Method.invoke(Method.java:498)
at org.testng.internal.MethodInvocationHelper.invokeMethod(MethodInvocationHelper.java:132)
at org.testng.internal.MethodInvocationHelper.invokeMethod(MethodInvocationHelper.java:76)
at org.testng.internal.MethodInvocationHelper.invokeMethodNoCheckedException(MethodInvocationHelper.java:45)
... 25 more
]]>
            </full-stacktrace>
          </exception> <!-- java.lang.RuntimeException -->
          <reporter-output>
          </reporter-output>
        </test-method> <!-- cylinderCapacity -->
        <test-method status="PASS" signature="browserTearDown()[pri:0, instance:scripts.TC_Motorcycle_EnterVehicleData_003_Test@2a556333]" name="browserTearDown" is-config="true" duration-ms="769" started-at="2023-01-26T13:45:29 IST" finished-at="2023-01-26T13:45:29 IST">
          <reporter-output>
            <line>
              <![CDATA[Closed the browser session successfully]]>
            </line>
          </reporter-output>
        </test-method> <!-- browserTearDown -->
      </class> <!-- scripts.TC_Motorcycle_EnterVehicleData_003_Test -->
    </test> <!-- Default test -->
  </suite> <!-- Default suite -->
</testng-results>
