<?xml version="1.0" encoding="UTF-8"?>
<!-- Generated by org.testng.reporters.JUnitXMLReporter -->
<testsuite hostname="Loki" ignored="2" name="Test" tests="1" failures="1" timestamp="2023-01-21T18:36:30 IST" time="0.07" errors="0">
  <testcase name="uberEats" time="0.01" classname="notInclude.UberEatsTest">
    <failure type="java.lang.NullPointerException">
      <![CDATA[java.lang.NullPointerException
at notInclude.UberEatsTest.uberEats(UberEatsTest.java:11)
at java.util.ArrayList.forEach(ArrayList.java:1257)
... Removed 27 stack frames]]>
    </failure>
  </testcase> <!-- uberEats -->
  <testcase name="openZomato" time="0.0" classname="notInclude.ZomatoTest">
    <ignored/>
  </testcase> <!-- openZomato -->
  <testcase name="openSwiggy" time="0.0" classname="notInclude.SwiggyTest">
    <ignored/>
  </testcase> <!-- openSwiggy -->
</testsuite> <!-- Test -->
